-------------------------------------------------------------------------------
Test set: edu.asu.bmi.cda.Homework7.webapp.test.SimpleTest
-------------------------------------------------------------------------------
Tests run: 1, Failures: 0, Errors: 1, Skipped: 0, Time elapsed: 2.427 sec <<< FAILURE!
testSimple(edu.asu.bmi.cda.Homework7.webapp.test.SimpleTest)  Time elapsed: 2.361 sec  <<< ERROR!
org.openqa.selenium.NoSuchElementException: Unable to locate element by id for com.gargoylesoftware.htmlunit.TextPage@31eb9b15
For documentation on this error, please visit: http://seleniumhq.org/exceptions/no_such_element.html
Build info: version: '2.37.0', revision: 'a7c61cbd68657e133ae96672cf995890bad2ee42', time: '2013-10-18 09:51:02'
System info: host: 'eminayV11P', ip: '192.168.43.55', os.name: 'Windows 8.1', os.arch: 'amd64', os.version: '6.3', java.version: '1.7.0_79'
Driver info: driver.version: HtmlUnitDriver
	at org.openqa.selenium.htmlunit.HtmlUnitDriver.findElementById(HtmlUnitDriver.java:902)
	at org.openqa.selenium.By$ById.findElement(By.java:220)
	at org.openqa.selenium.htmlunit.HtmlUnitDriver$5.call(HtmlUnitDriver.java:1512)
	at org.openqa.selenium.htmlunit.HtmlUnitDriver$5.call(HtmlUnitDriver.java:1509)
	at org.openqa.selenium.htmlunit.HtmlUnitDriver.implicitlyWaitFor(HtmlUnitDriver.java:1202)
	at org.openqa.selenium.htmlunit.HtmlUnitDriver.findElement(HtmlUnitDriver.java:1509)
	at org.openqa.selenium.htmlunit.HtmlUnitDriver.findElement(HtmlUnitDriver.java:527)
	at edu.asu.bmi.cda.Homework7.webapp.test.SimpleTest.testSimple(SimpleTest.java:67)

